d:\microsoft_vs\project\icreaderactivex\icreaderactivex\debug\icreaderactivex.pch
d:\microsoft_vs\project\icreaderactivex\icreaderactivex\debug\vc120.pdb
d:\microsoft_vs\project\icreaderactivex\icreaderactivex\debug\vc120.idb
d:\microsoft_vs\project\icreaderactivex\icreaderactivex\debug\stdafx.obj
d:\microsoft_vs\project\icreaderactivex\icreaderactivex\debug\dllmain.obj
d:\microsoft_vs\project\icreaderactivex\icreaderactivex\debug\icreader.obj
d:\microsoft_vs\project\icreaderactivex\icreaderactivex\debug\icreaderactivex.obj
d:\microsoft_vs\project\icreaderactivex\icreaderactivex\debug\icreaderactivex_i.obj
d:\microsoft_vs\project\icreaderactivex\debug\icreaderactivex.lib
d:\microsoft_vs\project\icreaderactivex\debug\icreaderactivex.exp
d:\microsoft_vs\project\icreaderactivex\debug\icreaderactivex.ilk
d:\microsoft_vs\project\icreaderactivex\debug\icreaderactivex.dll
d:\microsoft_vs\project\icreaderactivex\debug\icreaderactivex.pdb
d:\microsoft_vs\project\icreaderactivex\icreaderactivex\debug\icreaderactivex.tlb
d:\microsoft_vs\project\icreaderactivex\icreaderactivex\icreaderactivex_p.c
d:\microsoft_vs\project\icreaderactivex\icreaderactivex\icreaderactivex_i.c
d:\microsoft_vs\project\icreaderactivex\icreaderactivex\icreaderactivex_i.h
d:\microsoft_vs\project\icreaderactivex\icreaderactivex\debug\icreaderactivex.res
d:\microsoft_vs\project\icreaderactivex\icreaderactivex\debug\icreaderactivex.tlog\cl.command.1.tlog
d:\microsoft_vs\project\icreaderactivex\icreaderactivex\debug\icreaderactivex.tlog\cl.read.1.tlog
d:\microsoft_vs\project\icreaderactivex\icreaderactivex\debug\icreaderactivex.tlog\cl.write.1.tlog
d:\microsoft_vs\project\icreaderactivex\icreaderactivex\debug\icreaderactivex.tlog\icreaderactivex.write.1u.tlog
d:\microsoft_vs\project\icreaderactivex\icreaderactivex\debug\icreaderactivex.tlog\link.command.1.tlog
d:\microsoft_vs\project\icreaderactivex\icreaderactivex\debug\icreaderactivex.tlog\link.read.1.tlog
d:\microsoft_vs\project\icreaderactivex\icreaderactivex\debug\icreaderactivex.tlog\link.write.1.tlog
d:\microsoft_vs\project\icreaderactivex\icreaderactivex\debug\icreaderactivex.tlog\midl.command.1.tlog
d:\microsoft_vs\project\icreaderactivex\icreaderactivex\debug\icreaderactivex.tlog\midl.read.1.tlog
d:\microsoft_vs\project\icreaderactivex\icreaderactivex\debug\icreaderactivex.tlog\midl.write.1.tlog
d:\microsoft_vs\project\icreaderactivex\icreaderactivex\debug\icreaderactivex.tlog\rc.command.1.tlog
d:\microsoft_vs\project\icreaderactivex\icreaderactivex\debug\icreaderactivex.tlog\rc.read.1.tlog
d:\microsoft_vs\project\icreaderactivex\icreaderactivex\debug\icreaderactivex.tlog\rc.write.1.tlog
